<?xml version="1.0" encoding="UTF-8"?>
<!-- Generated by org.testng.reporters.JUnitReportReporter -->
<testsuite hostname="ShishiraBobbiti" failures="0" tests="1" name="com.api.DynamicJson" time="3.513" errors="0" timestamp="2025-06-25T08:46:37 IST" skipped="0">
  <testcase classname="com.api.DynamicJson" name="addBook" time="3.513"/>
</testsuite> <!-- com.api.DynamicJson -->
