<?xml version="1.0" encoding="UTF-8"?>
<!-- Generated by org.testng.reporters.JUnitReportReporter -->
<testsuite hostname="ShishiraBobbiti" failures="0" tests="4" name="com.api.DynamicJson2" time="3.013" errors="0" timestamp="2025-06-26T08:23:14 IST" skipped="0">
  <testcase classname="com.api.DynamicJson2" name="addBook" time="2.541"/>
  <testcase classname="com.api.DynamicJson2" name="addBook" time="0.177"/>
  <testcase classname="com.api.DynamicJson2" name="addBook" time="0.146"/>
  <testcase classname="com.api.DynamicJson2" name="deleteBook" time="0.149"/>
</testsuite> <!-- com.api.DynamicJson2 -->
